<?xml version="1.0" encoding="UTF-8"?>
<!-- Generated by org.testng.reporters.JUnitXMLReporter -->
<testsuite hostname="Neha3147582-01" ignored="0" name="Regression 1" tests="2" failures="0" timestamp="23 Apr 2018 12:30:11 GMT" time="18.652" errors="0">
  <testcase name="verifyLoginWithInvalidCredentials" time="8.548" classname="com.test.automation.VerizonDigitalSignage.TestCases.LoginTest"/>
  <testcase name="loginWithValidCredentials" time="2.321" classname="com.test.automation.VerizonDigitalSignage.TestCases.LoginTest"/>
</testsuite> <!-- Regression 1 -->
