<?xml version="1.0" encoding="UTF-8"?>
<!-- Generated by org.testng.reporters.JUnitXMLReporter -->
<testsuite ignored="3" hostname="nehagupta" failures="0" tests="4" name="Test2" time="9.537" errors="0" timestamp="18 May 2022 10:33:45 GMT">
  <testcase classname="com.test.automation.VerizonDigitalSignage.TestCases.AccountTest3" name="verifyAmzLog4" time="0.13"/>
  <testcase classname="com.test.automation.VerizonDigitalSignage.TestCases.AccountTest3" name="verifyAmzLogo3" time="0.076"/>
  <testcase classname="com.test.automation.VerizonDigitalSignage.TestCases.AccountTest" name="verifyAmzLogo" time="0.381"/>
  <testcase classname="com.test.automation.VerizonDigitalSignage.TestCases.AccountTest" name="verifyAmzLogo1" time="0.182"/>
  <testcase classname="com.test.automation.VerizonDigitalSignage.TestBase.TestBase" name="@BeforeSuite beforeSuite" time="0.0">
    <ignored/>
  </testcase> <!-- @BeforeSuite beforeSuite -->
  <testcase classname="com.test.automation.VerizonDigitalSignage.TestBase.TestBase" name="@AfterSuite afterSuite" time="0.0">
    <ignored/>
  </testcase> <!-- @AfterSuite afterSuite -->
  <testcase classname="com.test.automation.VerizonDigitalSignage.TestBase.TestBase" name="@BeforeTest beforeTestSystemInfo" time="0.0">
    <ignored/>
  </testcase> <!-- @BeforeTest beforeTestSystemInfo -->
</testsuite> <!-- Test2 -->
